\BOOKMARK [1][-]{section.1}{\376\377\000G\000i\036\333\000i\000\040\000t\000h\000i\036\307\000u}{}% 1
\BOOKMARK [2][-]{subsection.1.1}{\376\377\000T\000h\000\364\000n\000g\000\040\000t\000i\000n\000\040\000d\036\361\000\040\000\341\000n}{section.1}% 2
\BOOKMARK [2][-]{subsection.1.2}{\376\377\000T\000h\000\340\000n\000h\000\040\000v\000i\000\352\000n\000\040\000n\000h\000\363\000m\000\040\000v\000\340\000\040\001\021\000\363\000n\000g\000\040\000g\000\363\000p}{section.1}% 3
\BOOKMARK [2][-]{subsection.1.3}{\376\377\000C\000\364\000n\000g\000\040\000n\000g\000h\036\307\000\040\000s\036\355\000\040\000d\036\345\000n\000g}{section.1}% 4
\BOOKMARK [2][-]{subsection.1.4}{\376\377\000C\036\245\000u\000\040\000t\000r\000\372\000c\000\040\000m\000\343\000\040\000n\000g\000u\036\323\000n}{section.1}% 5
\BOOKMARK [1][-]{section.2}{\376\377\000P\000h\000\342\000n\000\040\000t\000\355\000c\000h\000\040\000v\000\340\000\040\000T\000h\000i\036\277\000t\000\040\000k\036\277\000\040\000T\000e\000s\000t\000\040\000C\000a\000s\000e\000s\000\040\000-\000\040\000C\000\342\000u\000\040\0001}{}% 6
\BOOKMARK [2][-]{subsection.2.1}{\376\377\000U\000I\000\040\000S\000c\000r\000e\000e\000n\000s\000h\000o\000t\000s}{section.2}% 7
\BOOKMARK [3][-]{subsubsection.2.1.1}{\376\377\000L\000o\000g\000i\000n\000\040\000I\000n\000t\000e\000r\000f\000a\000c\000e}{subsection.2.1}% 8
\BOOKMARK [3][-]{subsubsection.2.1.2}{\376\377\000P\000r\000o\000d\000u\000c\000t\000\040\000M\000a\000n\000a\000g\000e\000m\000e\000n\000t\000\040\000I\000n\000t\000e\000r\000f\000a\000c\000e}{subsection.2.1}% 9
\BOOKMARK [2][-]{subsection.2.2}{\376\377\000C\000\342\000u\000\040\0001\000.\0001\000:\000\040\000L\000o\000g\000i\000n\000\040\000-\000\040\000P\000h\000\342\000n\000\040\000t\000\355\000c\000h\000\040\000v\000\340\000\040\000T\000h\000i\036\277\000t\000\040\000k\036\277\000\040\000t\000e\000s\000t\000\040\000C\000a\000s\000e\000s\000\040\000\050\0001\0000\000\040\001\021\000i\036\303\000m\000\051}{section.2}% 10
\BOOKMARK [3][-]{subsubsection.2.2.1}{\376\377\000P\000h\000\342\000n\000\040\000t\000\355\000c\000h\000\040\000Y\000\352\000u\000\040\000c\036\247\000u\000\040\000C\000h\036\351\000c\000\040\000n\001\003\000n\000g\000\040\000\050\0002\000\040\001\021\000i\036\303\000m\000\051}{subsection.2.2}% 11
\BOOKMARK [3][-]{subsubsection.2.2.2}{\376\377\000T\000e\000s\000t\000\040\000S\000c\000e\000n\000a\000r\000i\000o\000s\000\040\000v\000\340\000\040\000P\000h\000\342\000n\000\040\000l\000o\036\241\000i\000\040\000P\000r\000i\000o\000r\000i\000t\000y\000\040\000\050\0002\000\040\000+\000\040\0001\000\040\001\021\000i\036\303\000m\000\051}{subsection.2.2}% 12
\BOOKMARK [3][-]{subsubsection.2.2.3}{\376\377\000T\000h\000i\036\277\000t\000\040\000k\036\277\000\040\000T\000e\000s\000t\000\040\000C\000a\000s\000e\000s\000\040\000C\000h\000i\000\040\000t\000i\036\277\000t\000\040\000\050\0005\000\040\001\021\000i\036\303\000m\000\051}{subsection.2.2}% 13
\BOOKMARK [2][-]{subsection.2.3}{\376\377\000C\000\342\000u\000\040\0001\000.\0002\000:\000\040\000P\000r\000o\000d\000u\000c\000t\000\040\000M\000a\000n\000a\000g\000e\000m\000e\000n\000t\000\040\000-\000\040\000P\000h\000\342\000n\000\040\000t\000\355\000c\000h\000\040\000v\000\340\000\040\000T\000h\000i\036\277\000t\000\040\000k\036\277\000\040\000T\000e\000s\000t\000\040\000C\000a\000s\000e\000s\000\040\000\050\0001\0000\000\040\001\021\000i\036\303\000m\000\051}{section.2}% 14
\BOOKMARK [3][-]{subsubsection.2.3.1}{\376\377\000P\000h\000\342\000n\000\040\000t\000\355\000c\000h\000\040\000Y\000\352\000u\000\040\000c\036\247\000u\000\040\000C\000h\036\351\000c\000\040\000n\001\003\000n\000g\000\040\000\050\0002\000\040\001\021\000i\036\303\000m\000\051}{subsection.2.3}% 15
\BOOKMARK [3][-]{subsubsection.2.3.2}{\376\377\000T\000e\000s\000t\000\040\000S\000c\000e\000n\000a\000r\000i\000o\000s\000\040\000v\000\340\000\040\000P\000h\000\342\000n\000\040\000l\000o\036\241\000i\000\040\000P\000r\000i\000o\000r\000i\000t\000y\000\040\000\050\0002\000\040\000+\000\040\0001\000\040\001\021\000i\036\303\000m\000\051}{subsection.2.3}% 16
\BOOKMARK [3][-]{subsubsection.2.3.3}{\376\377\000T\000h\000i\036\277\000t\000\040\000k\036\277\000\040\000T\000e\000s\000t\000\040\000C\000a\000s\000e\000s\000\040\000C\000h\000i\000\040\000t\000i\036\277\000t\000\040\000\050\0005\000\040\001\021\000i\036\303\000m\000\051}{subsection.2.3}% 17
\BOOKMARK [1][-]{section.3}{\376\377\000U\000n\000i\000t\000\040\000T\000e\000s\000t\000i\000n\000g\000\040\000-\000\040\000C\000\342\000u\000\040\0002\000\040\000\050\0002\0000\000\040\001\021\000i\036\303\000m\000\051}{}% 18
\BOOKMARK [2][-]{subsection.3.1}{\376\377\000C\000\342\000u\000\040\0002\000.\0001\000:\000\040\000L\000o\000g\000i\000n\000\040\000-\000\040\000U\000n\000i\000t\000\040\000T\000e\000s\000t\000s\000\040\000F\000r\000o\000n\000t\000e\000n\000d\000\040\000v\000\340\000\040\000B\000a\000c\000k\000e\000n\000d\000\040\000\050\0001\0000\000\040\001\021\000i\036\303\000m\000\051}{section.3}% 19
\BOOKMARK [3][-]{subsubsection.3.1.1}{\376\377\000F\000r\000o\000n\000t\000e\000n\000d\000\040\000U\000n\000i\000t\000\040\000T\000e\000s\000t\000s\000\040\000-\000\040\000V\000a\000l\000i\000d\000a\000t\000i\000o\000n\000\040\000L\000o\000g\000i\000n\000\040\000\050\0005\000\040\001\021\000i\036\303\000m\000\051}{subsection.3.1}% 20
\BOOKMARK [3][-]{subsubsection.3.1.2}{\376\377\000B\000a\000c\000k\000e\000n\000d\000\040\000U\000n\000i\000t\000\040\000T\000e\000s\000t\000s\000\040\000-\000\040\000L\000o\000g\000i\000n\000\040\000S\000e\000r\000v\000i\000c\000e\000\040\000\050\0005\000\040\001\021\000i\036\303\000m\000\051}{subsection.3.1}% 21
\BOOKMARK [2][-]{subsection.3.2}{\376\377\000C\000\342\000u\000\040\0002\000.\0002\000:\000\040\000P\000r\000o\000d\000u\000c\000t\000\040\000-\000\040\000U\000n\000i\000t\000\040\000T\000e\000s\000t\000s\000\040\000F\000r\000o\000n\000t\000e\000n\000d\000\040\000v\000\340\000\040\000B\000a\000c\000k\000e\000n\000d\000\040\000\050\0001\0000\000\040\001\021\000i\036\303\000m\000\051}{section.3}% 22
\BOOKMARK [3][-]{subsubsection.3.2.1}{\376\377\000F\000r\000o\000n\000t\000e\000n\000d\000\040\000U\000n\000i\000t\000\040\000T\000e\000s\000t\000s\000\040\000-\000\040\000P\000r\000o\000d\000u\000c\000t\000\040\000V\000a\000l\000i\000d\000a\000t\000i\000o\000n\000\040\000\050\0005\000\040\001\021\000i\036\303\000m\000\051}{subsection.3.2}% 23
\BOOKMARK [3][-]{subsubsection.3.2.2}{\376\377\000B\000a\000c\000k\000e\000n\000d\000\040\000U\000n\000i\000t\000\040\000T\000e\000s\000t\000s\000\040\000-\000\040\000P\000r\000o\000d\000u\000c\000t\000\040\000S\000e\000r\000v\000i\000c\000e\000\040\000\050\0005\000\040\001\021\000i\036\303\000m\000\051}{subsection.3.2}% 24
\BOOKMARK [2][-]{subsection.3.3}{\376\377\000T\000e\000s\000t\000-\000D\000r\000i\000v\000e\000n\000\040\000D\000e\000v\000e\000l\000o\000p\000m\000e\000n\000t\000\040\000\050\000T\000D\000D\000\051\000\040\000P\000r\000o\000c\000e\000s\000s}{section.3}% 25
\BOOKMARK [1][-]{section.4}{\376\377\000I\000n\000t\000e\000g\000r\000a\000t\000i\000o\000n\000\040\000T\000e\000s\000t\000i\000n\000g\000\040\000-\000\040\000C\000\342\000u\000\040\0003\000\040\000\050\0002\0000\000\040\001\021\000i\036\303\000m\000\051}{}% 26
\BOOKMARK [2][-]{subsection.4.1}{\376\377\000C\000\342\000u\000\040\0003\000.\0001\000:\000\040\000L\000o\000g\000i\000n\000\040\000-\000\040\000I\000n\000t\000e\000g\000r\000a\000t\000i\000o\000n\000\040\000T\000e\000s\000t\000i\000n\000g\000\040\000\050\0001\0000\000\040\001\021\000i\036\303\000m\000\051}{section.4}% 27
\BOOKMARK [3][-]{subsubsection.4.1.1}{\376\377\000F\000r\000o\000n\000t\000e\000n\000d\000\040\000C\000o\000m\000p\000o\000n\000e\000n\000t\000\040\000I\000n\000t\000e\000g\000r\000a\000t\000i\000o\000n\000\040\000\050\0005\000\040\001\021\000i\036\303\000m\000\051}{subsection.4.1}% 28
\BOOKMARK [3][-]{subsubsection.4.1.2}{\376\377\000B\000a\000c\000k\000e\000n\000d\000\040\000A\000P\000I\000\040\000I\000n\000t\000e\000g\000r\000a\000t\000i\000o\000n\000\040\000\050\0005\000\040\001\021\000i\036\303\000m\000\051}{subsection.4.1}% 29
\BOOKMARK [2][-]{subsection.4.2}{\376\377\000C\000\342\000u\000\040\0003\000.\0002\000:\000\040\000P\000r\000o\000d\000u\000c\000t\000\040\000-\000\040\000I\000n\000t\000e\000g\000r\000a\000t\000i\000o\000n\000\040\000T\000e\000s\000t\000i\000n\000g\000\040\000\050\0001\0000\000\040\001\021\000i\036\303\000m\000\051}{section.4}% 30
\BOOKMARK [3][-]{subsubsection.4.2.1}{\376\377\000F\000r\000o\000n\000t\000e\000n\000d\000\040\000C\000o\000m\000p\000o\000n\000e\000n\000t\000\040\000I\000n\000t\000e\000g\000r\000a\000t\000i\000o\000n\000\040\000\050\0005\000\040\001\021\000i\036\303\000m\000\051}{subsection.4.2}% 31
\BOOKMARK [3][-]{subsubsection.4.2.2}{\376\377\000B\000a\000c\000k\000e\000n\000d\000\040\000A\000P\000I\000\040\000I\000n\000t\000e\000g\000r\000a\000t\000i\000o\000n\000\040\000\050\0005\000\040\001\021\000i\036\303\000m\000\051}{subsection.4.2}% 32
\BOOKMARK [1][-]{section.5}{\376\377\000M\000o\000c\000k\000\040\000T\000e\000s\000t\000i\000n\000g\000\040\000-\000\040\000C\000\342\000u\000\040\0004\000\040\000\050\0001\0000\000\040\001\021\000i\036\303\000m\000\051}{}% 33
\BOOKMARK [2][-]{subsection.5.1}{\376\377\000C\000\342\000u\000\040\0004\000.\0001\000:\000\040\000L\000o\000g\000i\000n\000\040\000-\000\040\000M\000o\000c\000k\000\040\000T\000e\000s\000t\000i\000n\000g\000\040\000\050\0005\000\040\001\021\000i\036\303\000m\000\051}{section.5}% 34
\BOOKMARK [3][-]{subsubsection.5.1.1}{\376\377\000F\000r\000o\000n\000t\000e\000n\000d\000\040\000M\000o\000c\000k\000i\000n\000g\000\040\000\050\0002\000.\0005\000\040\001\021\000i\036\303\000m\000\051}{subsection.5.1}% 35
\BOOKMARK [3][-]{subsubsection.5.1.2}{\376\377\000B\000a\000c\000k\000e\000n\000d\000\040\000M\000o\000c\000k\000i\000n\000g\000\040\000\050\0002\000.\0005\000\040\001\021\000i\036\303\000m\000\051}{subsection.5.1}% 36
\BOOKMARK [2][-]{subsection.5.2}{\376\377\000C\000\342\000u\000\040\0004\000.\0002\000:\000\040\000P\000r\000o\000d\000u\000c\000t\000\040\000-\000\040\000M\000o\000c\000k\000\040\000T\000e\000s\000t\000i\000n\000g\000\040\000\050\0005\000\040\001\021\000i\036\303\000m\000\051}{section.5}% 37
\BOOKMARK [3][-]{subsubsection.5.2.1}{\376\377\000F\000r\000o\000n\000t\000e\000n\000d\000\040\000M\000o\000c\000k\000i\000n\000g\000\040\000\050\0002\000.\0005\000\040\001\021\000i\036\303\000m\000\051}{subsection.5.2}% 38
\BOOKMARK [3][-]{subsubsection.5.2.2}{\376\377\000B\000a\000c\000k\000e\000n\000d\000\040\000M\000o\000c\000k\000i\000n\000g\000\040\000\050\0002\000.\0005\000\040\001\021\000i\036\303\000m\000\051}{subsection.5.2}% 39
\BOOKMARK [1][-]{section.6}{\376\377\000E\0002\000E\000\040\000\046\000\040\000C\000I\000/\000C\000D\000\040\000-\000\040\000C\000\342\000u\000\040\0005}{}% 40
\BOOKMARK [2][-]{subsection.6.1}{\376\377\000E\000n\000d\000-\000t\000o\000-\000E\000n\000d\000\040\000T\000e\000s\000t\000i\000n\000g}{section.6}% 41
\BOOKMARK [1][-]{section.7}{\376\377\000A\000u\000t\000o\000m\000a\000t\000i\000o\000n\000\040\000T\000e\000s\000t\000i\000n\000g\000\040\000v\000\340\000\040\000C\000I\000/\000C\000D\000\040\000-\000\040\000C\000\342\000u\000\040\0005\000\040\000\050\0001\0000\000\040\001\021\000i\036\303\000m\000\051}{}% 42
\BOOKMARK [2][-]{subsection.7.1}{\376\377\000C\000\342\000u\000\040\0005\000.\0001\000:\000\040\000L\000o\000g\000i\000n\000\040\000-\000\040\000E\0002\000E\000\040\000A\000u\000t\000o\000m\000a\000t\000i\000o\000n\000\040\000T\000e\000s\000t\000i\000n\000g\000\040\000\050\0005\000\040\001\021\000i\036\303\000m\000\051}{section.7}% 43
\BOOKMARK [3][-]{subsubsection.7.1.1}{\376\377\000S\000e\000t\000u\000p\000\040\000v\000\340\000\040\000C\000o\000n\000f\000i\000g\000u\000r\000a\000t\000i\000o\000n\000\040\000\050\0001\000\040\001\021\000i\036\303\000m\000\051}{subsection.7.1}% 44
\BOOKMARK [3][-]{subsubsection.7.1.2}{\376\377\000E\0002\000E\000\040\000T\000e\000s\000t\000\040\000S\000c\000e\000n\000a\000r\000i\000o\000s\000\040\000c\000h\000o\000\040\000L\000o\000g\000i\000n\000\040\000\050\0002\000.\0005\000\040\001\021\000i\036\303\000m\000\051}{subsection.7.1}% 45
\BOOKMARK [3][-]{subsubsection.7.1.3}{\376\377\000C\000I\000/\000C\000D\000\040\000I\000n\000t\000e\000g\000r\000a\000t\000i\000o\000n\000\040\000c\000h\000o\000\040\000L\000o\000g\000i\000n\000\040\000T\000e\000s\000t\000s\000\040\000\050\0001\000.\0005\000\040\001\021\000i\036\303\000m\000\051}{subsection.7.1}% 46
\BOOKMARK [2][-]{subsection.7.2}{\376\377\000C\000\342\000u\000\040\0005\000.\0002\000:\000\040\000P\000r\000o\000d\000u\000c\000t\000\040\000-\000\040\000E\0002\000E\000\040\000A\000u\000t\000o\000m\000a\000t\000i\000o\000n\000\040\000T\000e\000s\000t\000i\000n\000g\000\040\000\050\0005\000\040\001\021\000i\036\303\000m\000\051}{section.7}% 47
\BOOKMARK [3][-]{subsubsection.7.2.1}{\376\377\000S\000e\000t\000u\000p\000\040\000P\000a\000g\000e\000\040\000O\000b\000j\000e\000c\000t\000\040\000M\000o\000d\000e\000l\000\040\000\050\0001\000\040\001\021\000i\036\303\000m\000\051}{subsection.7.2}% 48
\BOOKMARK [3][-]{subsubsection.7.2.2}{\376\377\000E\0002\000E\000\040\000T\000e\000s\000t\000\040\000S\000c\000e\000n\000a\000r\000i\000o\000s\000\040\000c\000h\000o\000\040\000P\000r\000o\000d\000u\000c\000t\000\040\000\050\0002\000.\0005\000\040\001\021\000i\036\303\000m\000\051}{subsection.7.2}% 49
\BOOKMARK [3][-]{subsubsection.7.2.3}{\376\377\000C\000I\000/\000C\000D\000\040\000I\000n\000t\000e\000g\000r\000a\000t\000i\000o\000n\000\040\000\050\0001\000.\0005\000\040\001\021\000i\036\303\000m\000\051}{subsection.7.2}% 50
\BOOKMARK [1][-]{section.8}{\376\377\000T\000e\000s\000t\000\040\000R\000e\000s\000u\000l\000t\000s}{}% 51
\BOOKMARK [2][-]{subsection.8.1}{\376\377\000F\000r\000o\000n\000t\000e\000n\000d\000\040\000T\000e\000s\000t\000\040\000E\000x\000e\000c\000u\000t\000i\000o\000n}{section.8}% 52
\BOOKMARK [2][-]{subsection.8.2}{\376\377\000B\000a\000c\000k\000e\000n\000d\000\040\000T\000e\000s\000t\000\040\000E\000x\000e\000c\000u\000t\000i\000o\000n}{section.8}% 53
\BOOKMARK [1][-]{section.9}{\376\377\000K\036\277\000t\000\040\000l\000u\036\255\000n}{}% 54
\BOOKMARK [2][-]{subsection.9.1}{\376\377\000T\000h\000\340\000n\000h\000\040\000t\036\361\000u\000\040\001\021\036\241\000t\000\040\001\021\001\260\036\343\000c}{section.9}% 55
\BOOKMARK [2][-]{subsection.9.2}{\376\377\000L\000e\000s\000s\000o\000n\000s\000\040\000L\000e\000a\000r\000n\000e\000d}{section.9}% 56
\BOOKMARK [2][-]{subsection.9.3}{\376\377\000F\000u\000t\000u\000r\000e\000\040\000I\000m\000p\000r\000o\000v\000e\000m\000e\000n\000t\000s}{section.9}% 57
\BOOKMARK [1][-]{section.10}{\376\377\000P\000h\036\345\000\040\000l\036\345\000c\000\040\000A\000:\000\040\000P\000r\000o\000d\000u\000c\000t\000\040\000T\000e\000s\000t\000\040\000C\000a\000s\000e\000s\000\040\000C\000h\000i\000\040\000T\000i\036\277\000t}{}% 58
\BOOKMARK [2][-]{subsection.10.1}{\376\377\000T\000C\000\137\000P\000R\000O\000D\000U\000C\000T\000\137\0000\0000\0001\000:\000\040\000C\000r\000e\000a\000t\000e\000\040\000P\000r\000o\000d\000u\000c\000t\000\040\000S\000u\000c\000c\000e\000s\000s}{section.10}% 59
\BOOKMARK [2][-]{subsection.10.2}{\376\377\000T\000C\000\137\000P\000R\000O\000D\000U\000C\000T\000\137\0000\0000\0002\000:\000\040\000V\000a\000l\000i\000d\000a\000t\000i\000o\000n\000\040\000-\000\040\000E\000m\000p\000t\000y\000\040\000N\000a\000m\000e}{section.10}% 60
\BOOKMARK [2][-]{subsection.10.3}{\376\377\000T\000C\000\137\000P\000R\000O\000D\000U\000C\000T\000\137\0000\0000\0003\000:\000\040\000U\000p\000d\000a\000t\000e\000\040\000P\000r\000o\000d\000u\000c\000t}{section.10}% 61
\BOOKMARK [2][-]{subsection.10.4}{\376\377\000T\000C\000\137\000P\000R\000O\000D\000U\000C\000T\000\137\0000\0000\0004\000:\000\040\000D\000e\000l\000e\000t\000e\000\040\000P\000r\000o\000d\000u\000c\000t}{section.10}% 62
\BOOKMARK [2][-]{subsection.10.5}{\376\377\000T\000C\000\137\000P\000R\000O\000D\000U\000C\000T\000\137\0000\0000\0005\000:\000\040\000P\000r\000i\000c\000e\000\040\000V\000a\000l\000i\000d\000a\000t\000i\000o\000n}{section.10}% 63
\BOOKMARK [2][-]{subsection.10.6}{\376\377\000A\000d\000d\000i\000t\000i\000o\000n\000a\000l\000\040\000L\000o\000g\000i\000n\000\040\000T\000e\000s\000t\000\040\000C\000a\000s\000e\000s}{section.10}% 64
\BOOKMARK [3][-]{subsubsection.10.6.1}{\376\377\000T\000C\000\137\000L\000O\000G\000I\000N\000\137\0000\0000\0006\000:\000\040\000P\000a\000s\000s\000w\000o\000r\000d\000\040\000T\000o\000o\000\040\000S\000h\000o\000r\000t}{subsection.10.6}% 65
\BOOKMARK [3][-]{subsubsection.10.6.2}{\376\377\000T\000C\000\137\000L\000O\000G\000I\000N\000\137\0000\0000\0007\000:\000\040\000P\000a\000s\000s\000w\000o\000r\000d\000\040\000W\000i\000t\000h\000o\000u\000t\000\040\000L\000e\000t\000t\000e\000r\000s}{subsection.10.6}% 66
\BOOKMARK [2][-]{subsection.10.7}{\376\377\000E\0002\000E\000\040\000T\000e\000s\000t\000\040\000C\000a\000s\000e\000s\000\040\000\050\000C\000y\000p\000r\000e\000s\000s\000\051}{section.10}% 67
\BOOKMARK [3][-]{subsubsection.10.7.1}{\376\377\000T\000C\000\137\000E\0002\000E\000\137\000L\000O\000G\000I\000N\000\137\0000\0000\0001\000:\000\040\000F\000u\000l\000l\000\040\000L\000o\000g\000i\000n\000\040\000F\000l\000o\000w}{subsection.10.7}% 68
\BOOKMARK [3][-]{subsubsection.10.7.2}{\376\377\000T\000C\000\137\000E\0002\000E\000\137\000P\000R\000O\000D\000U\000C\000T\000\137\0000\0000\0001\000:\000\040\000C\000r\000e\000a\000t\000e\000\040\000P\000r\000o\000d\000u\000c\000t\000\040\000E\0002\000E}{subsection.10.7}% 69
\BOOKMARK [2][-]{subsection.10.8}{\376\377\000T\000e\000s\000t\000\040\000E\000x\000e\000c\000u\000t\000i\000o\000n\000\040\000S\000u\000m\000m\000a\000r\000y\000\040\000-\000\040\000A\000l\000l\000\040\000M\000o\000d\000u\000l\000e\000s}{section.10}% 70
\BOOKMARK [2][-]{subsection.10.9}{\376\377\000T\000e\000s\000t\000\040\000C\000o\000v\000e\000r\000a\000g\000e\000\040\000b\000y\000\040\000P\000r\000i\000o\000r\000i\000t\000y}{section.10}% 71
\BOOKMARK [1][-]{section.11}{\376\377\000P\000h\036\345\000\040\000l\036\345\000c\000\040\000B\000:\000\040\000C\000o\000d\000e\000\040\000E\000x\000a\000m\000p\000l\000e\000s\000\040\000-\000\040\000T\000e\000s\000t\000\040\000I\000m\000p\000l\000e\000m\000e\000n\000t\000a\000t\000i\000o\000n}{}% 72
\BOOKMARK [2][-]{subsection.11.1}{\376\377\000F\000r\000o\000n\000t\000e\000n\000d\000\040\000U\000n\000i\000t\000\040\000T\000e\000s\000t\000\040\000E\000x\000a\000m\000p\000l\000e}{section.11}% 73
\BOOKMARK [2][-]{subsection.11.2}{\376\377\000B\000a\000c\000k\000e\000n\000d\000\040\000U\000n\000i\000t\000\040\000T\000e\000s\000t\000\040\000E\000x\000a\000m\000p\000l\000e}{section.11}% 74
\BOOKMARK [1][-]{section.12}{\376\377\000P\000h\036\345\000\040\000l\036\345\000c\000\040\000C\000:\000\040\000T\000e\000r\000m\000i\000n\000a\000l\000\040\000T\000e\000s\000t\000\040\000L\000o\000g\000s}{}% 75
\BOOKMARK [2][-]{subsection.12.1}{\376\377\000F\000r\000o\000n\000t\000e\000n\000d\000\040\000T\000e\000s\000t\000\040\000E\000x\000e\000c\000u\000t\000i\000o\000n\000\040\000L\000o\000g}{section.12}% 76
\BOOKMARK [2][-]{subsection.12.2}{\376\377\000B\000a\000c\000k\000e\000n\000d\000\040\000T\000e\000s\000t\000\040\000E\000x\000e\000c\000u\000t\000i\000o\000n\000\040\000L\000o\000g}{section.12}% 77
\BOOKMARK [1][-]{section.13}{\376\377\000P\000h\036\345\000\040\000l\036\345\000c\000\040\000D\000:\000\040\000A\000d\000d\000i\000t\000i\000o\000n\000a\000l\000\040\000U\000I\000\040\000S\000c\000r\000e\000e\000n\000s\000h\000o\000t\000s}{}% 78
\BOOKMARK [2][-]{subsection.13.1}{\376\377\000A\000p\000p\000l\000i\000c\000a\000t\000i\000o\000n\000\040\000S\000c\000r\000e\000e\000n\000s}{section.13}% 79
\BOOKMARK [2][-]{subsection.13.2}{\376\377\000C\000I\000/\000C\000D\000\040\000W\000o\000r\000k\000f\000l\000o\000w}{section.13}% 80
\BOOKMARK [1][-]{section.14}{\376\377\000P\000h\036\345\000\040\000l\036\345\000c\000\040\000E\000:\000\040\000A\000r\000c\000h\000i\000t\000e\000c\000t\000u\000r\000e\000\040\000\046\000\040\000D\000e\000s\000i\000g\000n}{}% 81
\BOOKMARK [2][-]{subsection.14.1}{\376\377\000S\000y\000s\000t\000e\000m\000\040\000A\000r\000c\000h\000i\000t\000e\000c\000t\000u\000r\000e\000\040\000O\000v\000e\000r\000v\000i\000e\000w}{section.14}% 82
\BOOKMARK [2][-]{subsection.14.2}{\376\377\000D\000e\000s\000i\000g\000n\000\040\000P\000a\000t\000t\000e\000r\000n\000s\000\040\000A\000p\000p\000l\000i\000e\000d}{section.14}% 83
\BOOKMARK [2][-]{subsection.14.3}{\376\377\000D\000a\000t\000a\000b\000a\000s\000e\000\040\000S\000c\000h\000e\000m\000a\000\040\000D\000e\000s\000i\000g\000n}{section.14}% 84
\BOOKMARK [3][-]{subsubsection.14.3.1}{\376\377\000U\000s\000e\000r\000s\000\040\000T\000a\000b\000l\000e\000\040\000\050\000O\000r\000a\000c\000l\000e\000\040\000D\000B\000\051}{subsection.14.3}% 85
\BOOKMARK [3][-]{subsubsection.14.3.2}{\376\377\000P\000r\000o\000d\000u\000c\000t\000s\000\040\000T\000a\000b\000l\000e\000\040\000\050\000P\000o\000s\000t\000g\000r\000e\000S\000Q\000L\000\051}{subsection.14.3}% 86
\BOOKMARK [2][-]{subsection.14.4}{\376\377\000A\000P\000I\000\040\000E\000n\000d\000p\000o\000i\000n\000t\000\040\000D\000o\000c\000u\000m\000e\000n\000t\000a\000t\000i\000o\000n}{section.14}% 87
\BOOKMARK [3][-]{subsubsection.14.4.1}{\376\377\000A\000u\000t\000h\000e\000n\000t\000i\000c\000a\000t\000i\000o\000n\000\040\000E\000n\000d\000p\000o\000i\000n\000t\000s}{subsection.14.4}% 88
\BOOKMARK [3][-]{subsubsection.14.4.2}{\376\377\000P\000r\000o\000d\000u\000c\000t\000\040\000M\000a\000n\000a\000g\000e\000m\000e\000n\000t\000\040\000E\000n\000d\000p\000o\000i\000n\000t\000s}{subsection.14.4}% 89
\BOOKMARK [2][-]{subsection.14.5}{\376\377\000I\000m\000p\000l\000e\000m\000e\000n\000t\000a\000t\000i\000o\000n\000\040\000C\000o\000d\000e\000\040\000-\000\040\000C\000o\000n\000t\000r\000o\000l\000l\000e\000r\000\040\000L\000a\000y\000e\000r}{section.14}% 90
\BOOKMARK [2][-]{subsection.14.6}{\376\377\000I\000m\000p\000l\000e\000m\000e\000n\000t\000a\000t\000i\000o\000n\000\040\000C\000o\000d\000e\000\040\000-\000\040\000F\000r\000o\000n\000t\000e\000n\000d\000\040\000C\000o\000m\000p\000o\000n\000e\000n\000t}{section.14}% 91
\BOOKMARK [1][-]{section.15}{\376\377\000P\000h\036\345\000\040\000l\036\345\000c\000\040\000F\000:\000\040\000T\000e\000s\000t\000\040\000M\000e\000t\000h\000o\000d\000o\000l\000o\000g\000y\000\040\000D\000e\000e\000p\000\040\000D\000i\000v\000e}{}% 92
\BOOKMARK [2][-]{subsection.15.1}{\376\377\000U\000n\000i\000t\000\040\000T\000e\000s\000t\000i\000n\000g\000\040\000S\000t\000r\000a\000t\000e\000g\000y}{section.15}% 93
\BOOKMARK [3][-]{subsubsection.15.1.1}{\376\377\000A\000r\000r\000a\000n\000g\000e\000-\000A\000c\000t\000-\000A\000s\000s\000e\000r\000t\000\040\000P\000a\000t\000t\000e\000r\000n}{subsection.15.1}% 94
\BOOKMARK [2][-]{subsection.15.2}{\376\377\000I\000n\000t\000e\000g\000r\000a\000t\000i\000o\000n\000\040\000T\000e\000s\000t\000i\000n\000g\000\040\000A\000p\000p\000r\000o\000a\000c\000h}{section.15}% 95
\BOOKMARK [2][-]{subsection.15.3}{\376\377\000E\0002\000E\000\040\000T\000e\000s\000t\000i\000n\000g\000\040\000v\036\333\000i\000\040\000C\000y\000p\000r\000e\000s\000s}{section.15}% 96
\BOOKMARK [2][-]{subsection.15.4}{\376\377\000T\000e\000s\000t\000\040\000C\000o\000v\000e\000r\000a\000g\000e\000\040\000M\000e\000t\000r\000i\000c\000s}{section.15}% 97
